<?xml version="1.0" encoding="UTF-8"?>
<!-- Generated by org.testng.reporters.JUnitXMLReporter -->
<testsuite hostname="vasu-PC" name="smoke" tests="2" failures="1" timestamp="21 Feb 2019 04:22:11 GMT" time="20.176" errors="0">
  <testcase name="empAdd" time="16.003" classname="com.vasu.testng.EmpAdd"/>
  <testcase name="empList" time="0.005" classname="com.vasu.testng.EmpList">
    <failure type="java.lang.NullPointerException">
      <![CDATA[java.lang.NullPointerException
	at com.vasu.testng.EmpList.empList(EmpList.java:14)
... Removed 24 stack frames]]>
    </failure>
  </testcase> <!-- empList -->
</testsuite> <!-- smoke -->
