<?xml version="1.0" encoding="UTF-8"?>
<!-- Generated by org.testng.reporters.JUnitXMLReporter -->
<testsuite hostname="vasu-PC" name="Test" tests="7" failures="0" timestamp="20 Feb 2019 04:14:09 GMT" time="21.979" errors="0">
  <testcase name="appLaunch" time="0.019" classname="com.vasu.testng.FirstTestNg"/>
  <testcase name="appLogin" time="0.004" classname="com.vasu.testng.FirstTestNg"/>
  <testcase name="appClose" time="0.019" classname="com.vasu.testng.FirstTestNg"/>
  <testcase name="adminLogin" time="10.528" classname="com.vasu.testng.AdminLoginTest"/>
  <testcase name="appLogin" time="2.047" classname="com.vasu.testng.BeforeTestAndAfterTest"/>
  <testcase name="method1" time="0.001" classname="com.vasu.testng.AnnotationTest"/>
  <testcase name="method2" time="0.002" classname="com.vasu.testng.AnnotationTest"/>
</testsuite> <!-- Test -->
